<?xml version="1.0" encoding="UTF-8"?>
<!-- Generated by org.testng.reporters.JUnitXMLReporter -->
<testsuite hostname="HP" ignored="34" name="Surefire test" tests="42" failures="5" timestamp="26 May 2022 11:18:10 GMT" time="1.42" errors="0">
  <testcase name="@BeforeClass beforeclassTest" time="0.0" classname="com.SDET34L1.genericUtility.BaseClass">
    <failure type="org.testng.TestNGException" message="
Parameter &amp;apos;browser&amp;apos; is required by BeforeClass on method beforeclassTest but has not been marked @Optional or defined
">
      <![CDATA[org.testng.TestNGException: 
Parameter 'browser' is required by BeforeClass on method beforeclassTest but has not been marked @Optional or defined

... Removed 27 stack frames]]>
    </failure>
  </testcase> <!-- @BeforeClass beforeclassTest -->
  <testcase name="@BeforeMethod beforemethodTest" time="0.0" classname="com.SDET34L1.genericUtility.BaseClass">
    <skipped/>
  </testcase> <!-- @BeforeMethod beforemethodTest -->
  <testcase name="@AfterMethod aftermethodTest" time="0.0" classname="com.SDET34L1.genericUtility.BaseClass">
    <skipped/>
  </testcase> <!-- @AfterMethod aftermethodTest -->
  <testcase name="@AfterClass afterclassTest" time="0.0" classname="com.SDET34L1.genericUtility.BaseClass">
    <skipped/>
  </testcase> <!-- @AfterClass afterclassTest -->
  <testcase name="@BeforeClass beforeclassTest" time="0.0" classname="com.SDET34L1.genericUtility.BaseClass">
    <failure type="org.testng.TestNGException" message="
Parameter &amp;apos;browser&amp;apos; is required by BeforeClass on method beforeclassTest but has not been marked @Optional or defined
">
      <![CDATA[org.testng.TestNGException: 
Parameter 'browser' is required by BeforeClass on method beforeclassTest but has not been marked @Optional or defined

... Removed 27 stack frames]]>
    </failure>
  </testcase> <!-- @BeforeClass beforeclassTest -->
  <testcase name="@BeforeMethod beforemethodTest" time="0.0" classname="com.SDET34L1.genericUtility.BaseClass">
    <skipped/>
  </testcase> <!-- @BeforeMethod beforemethodTest -->
  <testcase name="@AfterMethod aftermethodTest" time="0.0" classname="com.SDET34L1.genericUtility.BaseClass">
    <skipped/>
  </testcase> <!-- @AfterMethod aftermethodTest -->
  <testcase name="@AfterClass afterclassTest" time="0.0" classname="com.SDET34L1.genericUtility.BaseClass">
    <skipped/>
  </testcase> <!-- @AfterClass afterclassTest -->
  <testcase name="@BeforeClass beforeclassTest" time="0.0" classname="com.vtiger.practice.BaseClass1">
    <failure type="org.testng.TestNGException" message="
Parameter &amp;apos;browser&amp;apos; is required by BeforeClass on method beforeclassTest but has not been marked @Optional or defined
">
      <![CDATA[org.testng.TestNGException: 
Parameter 'browser' is required by BeforeClass on method beforeclassTest but has not been marked @Optional or defined

... Removed 27 stack frames]]>
    </failure>
  </testcase> <!-- @BeforeClass beforeclassTest -->
  <testcase name="@BeforeMethod beforemethodTest" time="0.0" classname="com.vtiger.practice.BaseClass1">
    <skipped/>
  </testcase> <!-- @BeforeMethod beforemethodTest -->
  <testcase name="@AfterMethod aftermethodTest" time="0.0" classname="com.vtiger.practice.BaseClass1">
    <skipped/>
  </testcase> <!-- @AfterMethod aftermethodTest -->
  <testcase name="@AfterClass afterclassTest" time="0.0" classname="com.vtiger.practice.BaseClass1">
    <skipped/>
  </testcase> <!-- @AfterClass afterclassTest -->
  <testcase name="@BeforeClass beforeclassTest" time="0.0" classname="com.SDET34L1.genericUtility.BaseClass">
    <failure type="org.testng.TestNGException" message="
Parameter &amp;apos;browser&amp;apos; is required by BeforeClass on method beforeclassTest but has not been marked @Optional or defined
">
      <![CDATA[org.testng.TestNGException: 
Parameter 'browser' is required by BeforeClass on method beforeclassTest but has not been marked @Optional or defined

... Removed 27 stack frames]]>
    </failure>
  </testcase> <!-- @BeforeClass beforeclassTest -->
  <testcase name="@BeforeMethod beforemethodTest" time="0.0" classname="com.SDET34L1.genericUtility.BaseClass">
    <skipped/>
  </testcase> <!-- @BeforeMethod beforemethodTest -->
  <testcase name="@AfterMethod aftermethodTest" time="0.0" classname="com.SDET34L1.genericUtility.BaseClass">
    <skipped/>
  </testcase> <!-- @AfterMethod aftermethodTest -->
  <testcase name="@AfterClass afterclassTest" time="0.0" classname="com.SDET34L1.genericUtility.BaseClass">
    <skipped/>
  </testcase> <!-- @AfterClass afterclassTest -->
  <testcase name="@BeforeClass beforeclassTest" time="0.0" classname="com.SDET34L1.genericUtility.BaseClass">
    <failure type="org.testng.TestNGException" message="
Parameter &amp;apos;browser&amp;apos; is required by BeforeClass on method beforeclassTest but has not been marked @Optional or defined
">
      <![CDATA[org.testng.TestNGException: 
Parameter 'browser' is required by BeforeClass on method beforeclassTest but has not been marked @Optional or defined

... Removed 27 stack frames]]>
    </failure>
  </testcase> <!-- @BeforeClass beforeclassTest -->
  <testcase name="@BeforeMethod beforemethodTest" time="0.0" classname="com.SDET34L1.genericUtility.BaseClass">
    <skipped/>
  </testcase> <!-- @BeforeMethod beforemethodTest -->
  <testcase name="@AfterMethod aftermethodTest" time="0.0" classname="com.SDET34L1.genericUtility.BaseClass">
    <skipped/>
  </testcase> <!-- @AfterMethod aftermethodTest -->
  <testcase name="@AfterClass afterclassTest" time="0.0" classname="com.SDET34L1.genericUtility.BaseClass">
    <skipped/>
  </testcase> <!-- @AfterClass afterclassTest -->
  <testcase name="@BeforeClass beforeclassTest" time="0.0" classname="com.SDET34L1.genericUtility.BaseClass">
    <failure type="org.testng.TestNGException" message="
Parameter &amp;apos;browser&amp;apos; is required by BeforeClass on method beforeclassTest but has not been marked @Optional or defined
">
      <![CDATA[org.testng.TestNGException: 
Parameter 'browser' is required by BeforeClass on method beforeclassTest but has not been marked @Optional or defined

... Removed 27 stack frames]]>
    </failure>
  </testcase> <!-- @BeforeClass beforeclassTest -->
  <testcase name="@BeforeMethod beforemethodTest" time="0.0" classname="com.SDET34L1.genericUtility.BaseClass">
    <skipped/>
  </testcase> <!-- @BeforeMethod beforemethodTest -->
  <testcase name="@AfterMethod aftermethodTest" time="0.0" classname="com.SDET34L1.genericUtility.BaseClass">
    <skipped/>
  </testcase> <!-- @AfterMethod aftermethodTest -->
  <testcase name="@AfterClass afterclassTest" time="0.0" classname="com.SDET34L1.genericUtility.BaseClass">
    <skipped/>
  </testcase> <!-- @AfterClass afterclassTest -->
  <testcase name="@BeforeClass beforeclassTest" time="0.0" classname="com.SDET34L1.genericUtility.BaseClass">
    <failure type="org.testng.TestNGException" message="
Parameter &amp;apos;browser&amp;apos; is required by BeforeClass on method beforeclassTest but has not been marked @Optional or defined
">
      <![CDATA[org.testng.TestNGException: 
Parameter 'browser' is required by BeforeClass on method beforeclassTest but has not been marked @Optional or defined

... Removed 27 stack frames]]>
    </failure>
  </testcase> <!-- @BeforeClass beforeclassTest -->
  <testcase name="@BeforeMethod beforemethodTest" time="0.0" classname="com.SDET34L1.genericUtility.BaseClass">
    <skipped/>
  </testcase> <!-- @BeforeMethod beforemethodTest -->
  <testcase name="@AfterMethod aftermethodTest" time="0.0" classname="com.SDET34L1.genericUtility.BaseClass">
    <skipped/>
  </testcase> <!-- @AfterMethod aftermethodTest -->
  <testcase name="@AfterClass afterclassTest" time="0.0" classname="com.SDET34L1.genericUtility.BaseClass">
    <skipped/>
  </testcase> <!-- @AfterClass afterclassTest -->
  <testcase name="@BeforeClass beforeclassTest" time="0.0" classname="com.SDET34L1.genericUtility.BaseClass">
    <failure type="org.testng.TestNGException" message="
Parameter &amp;apos;browser&amp;apos; is required by BeforeClass on method beforeclassTest but has not been marked @Optional or defined
">
      <![CDATA[org.testng.TestNGException: 
Parameter 'browser' is required by BeforeClass on method beforeclassTest but has not been marked @Optional or defined

... Removed 27 stack frames]]>
    </failure>
  </testcase> <!-- @BeforeClass beforeclassTest -->
  <testcase name="@BeforeMethod beforemethodTest" time="0.0" classname="com.SDET34L1.genericUtility.BaseClass">
    <skipped/>
  </testcase> <!-- @BeforeMethod beforemethodTest -->
  <testcase name="@AfterMethod aftermethodTest" time="0.0" classname="com.SDET34L1.genericUtility.BaseClass">
    <skipped/>
  </testcase> <!-- @AfterMethod aftermethodTest -->
  <testcase name="@AfterClass afterclassTest" time="0.0" classname="com.SDET34L1.genericUtility.BaseClass">
    <skipped/>
  </testcase> <!-- @AfterClass afterclassTest -->
  <testcase name="@BeforeClass beforeclassTest" time="0.0" classname="com.SDET34L1.genericUtility.BaseClass">
    <failure type="org.testng.TestNGException" message="
Parameter &amp;apos;browser&amp;apos; is required by BeforeClass on method beforeclassTest but has not been marked @Optional or defined
">
      <![CDATA[org.testng.TestNGException: 
Parameter 'browser' is required by BeforeClass on method beforeclassTest but has not been marked @Optional or defined

... Removed 27 stack frames]]>
    </failure>
  </testcase> <!-- @BeforeClass beforeclassTest -->
  <testcase name="@BeforeMethod beforemethodTest" time="0.0" classname="com.SDET34L1.genericUtility.BaseClass">
    <skipped/>
  </testcase> <!-- @BeforeMethod beforemethodTest -->
  <testcase name="@AfterMethod aftermethodTest" time="0.0" classname="com.SDET34L1.genericUtility.BaseClass">
    <skipped/>
  </testcase> <!-- @AfterMethod aftermethodTest -->
  <testcase name="@AfterClass afterclassTest" time="0.0" classname="com.SDET34L1.genericUtility.BaseClass">
    <skipped/>
  </testcase> <!-- @AfterClass afterclassTest -->
  <testcase name="@BeforeClass beforeclassTest" time="0.0" classname="com.SDET34L1.genericUtility.BaseClass">
    <failure type="org.testng.TestNGException" message="
Parameter &amp;apos;browser&amp;apos; is required by BeforeClass on method beforeclassTest but has not been marked @Optional or defined
">
      <![CDATA[org.testng.TestNGException: 
Parameter 'browser' is required by BeforeClass on method beforeclassTest but has not been marked @Optional or defined

... Removed 27 stack frames]]>
    </failure>
  </testcase> <!-- @BeforeClass beforeclassTest -->
  <testcase name="@BeforeMethod beforemethodTest" time="0.0" classname="com.SDET34L1.genericUtility.BaseClass">
    <skipped/>
  </testcase> <!-- @BeforeMethod beforemethodTest -->
  <testcase name="@AfterMethod aftermethodTest" time="0.0" classname="com.SDET34L1.genericUtility.BaseClass">
    <skipped/>
  </testcase> <!-- @AfterMethod aftermethodTest -->
  <testcase name="@AfterClass afterclassTest" time="0.0" classname="com.SDET34L1.genericUtility.BaseClass">
    <skipped/>
  </testcase> <!-- @AfterClass afterclassTest -->
  <testcase name="@BeforeClass beforeclassTest" time="0.0" classname="com.SDET34L1.genericUtility.BaseClass">
    <failure type="org.testng.TestNGException" message="
Parameter &amp;apos;browser&amp;apos; is required by BeforeClass on method beforeclassTest but has not been marked @Optional or defined
">
      <![CDATA[org.testng.TestNGException: 
Parameter 'browser' is required by BeforeClass on method beforeclassTest but has not been marked @Optional or defined

... Removed 27 stack frames]]>
    </failure>
  </testcase> <!-- @BeforeClass beforeclassTest -->
  <testcase name="@BeforeMethod beforemethodTest" time="0.0" classname="com.SDET34L1.genericUtility.BaseClass">
    <skipped/>
  </testcase> <!-- @BeforeMethod beforemethodTest -->
  <testcase name="@AfterMethod aftermethodTest" time="0.0" classname="com.SDET34L1.genericUtility.BaseClass">
    <skipped/>
  </testcase> <!-- @AfterMethod aftermethodTest -->
  <testcase name="@AfterClass afterclassTest" time="0.0" classname="com.SDET34L1.genericUtility.BaseClass">
    <skipped/>
  </testcase> <!-- @AfterClass afterclassTest -->
  <testcase name="@BeforeClass beforeclassTest" time="0.0" classname="com.SDET34L1.genericUtility.BaseClass">
    <failure type="org.testng.TestNGException" message="
Parameter &amp;apos;browser&amp;apos; is required by BeforeClass on method beforeclassTest but has not been marked @Optional or defined
">
      <![CDATA[org.testng.TestNGException: 
Parameter 'browser' is required by BeforeClass on method beforeclassTest but has not been marked @Optional or defined

... Removed 27 stack frames]]>
    </failure>
  </testcase> <!-- @BeforeClass beforeclassTest -->
  <testcase name="@BeforeMethod beforemethodTest" time="0.0" classname="com.SDET34L1.genericUtility.BaseClass">
    <skipped/>
  </testcase> <!-- @BeforeMethod beforemethodTest -->
  <testcase name="@AfterMethod aftermethodTest" time="0.0" classname="com.SDET34L1.genericUtility.BaseClass">
    <skipped/>
  </testcase> <!-- @AfterMethod aftermethodTest -->
  <testcase name="@AfterClass afterclassTest" time="0.0" classname="com.SDET34L1.genericUtility.BaseClass">
    <skipped/>
  </testcase> <!-- @AfterClass afterclassTest -->
  <testcase name="@BeforeClass beforeclassTest" time="0.0" classname="com.SDET34L1.genericUtility.BaseClass">
    <failure type="org.testng.TestNGException" message="
Parameter &amp;apos;browser&amp;apos; is required by BeforeClass on method beforeclassTest but has not been marked @Optional or defined
">
      <![CDATA[org.testng.TestNGException: 
Parameter 'browser' is required by BeforeClass on method beforeclassTest but has not been marked @Optional or defined

... Removed 27 stack frames]]>
    </failure>
  </testcase> <!-- @BeforeClass beforeclassTest -->
  <testcase name="@BeforeMethod beforemethodTest" time="0.0" classname="com.SDET34L1.genericUtility.BaseClass">
    <skipped/>
  </testcase> <!-- @BeforeMethod beforemethodTest -->
  <testcase name="@AfterMethod aftermethodTest" time="0.0" classname="com.SDET34L1.genericUtility.BaseClass">
    <skipped/>
  </testcase> <!-- @AfterMethod aftermethodTest -->
  <testcase name="@AfterClass afterclassTest" time="0.0" classname="com.SDET34L1.genericUtility.BaseClass">
    <skipped/>
  </testcase> <!-- @AfterClass afterclassTest -->
  <testcase name="@BeforeClass beforeclassTest" time="0.0" classname="com.SDET34L1.genericUtility.BaseClass">
    <failure type="org.testng.TestNGException" message="
Parameter &amp;apos;browser&amp;apos; is required by BeforeClass on method beforeclassTest but has not been marked @Optional or defined
">
      <![CDATA[org.testng.TestNGException: 
Parameter 'browser' is required by BeforeClass on method beforeclassTest but has not been marked @Optional or defined

... Removed 27 stack frames]]>
    </failure>
  </testcase> <!-- @BeforeClass beforeclassTest -->
  <testcase name="@BeforeMethod beforemethodTest" time="0.0" classname="com.SDET34L1.genericUtility.BaseClass">
    <skipped/>
  </testcase> <!-- @BeforeMethod beforemethodTest -->
  <testcase name="@AfterMethod aftermethodTest" time="0.0" classname="com.SDET34L1.genericUtility.BaseClass">
    <skipped/>
  </testcase> <!-- @AfterMethod aftermethodTest -->
  <testcase name="@AfterClass afterclassTest" time="0.0" classname="com.SDET34L1.genericUtility.BaseClass">
    <skipped/>
  </testcase> <!-- @AfterClass afterclassTest -->
  <testcase name="createProductlTest" time="0.0" classname="com.vtiger.productsTest.CreateProductlTest">
    <skipped/>
  </testcase> <!-- createProductlTest -->
  <testcase name="practiceTest1" time="0.005" classname="com.vtiger.practice.InvocationParameterTest"/>
  <testcase name="practiceTest1" time="0.005" classname="com.vtiger.practice.InvocationParameterTest"/>
  <testcase name="practiceTest2" time="0.005" classname="com.vtiger.practice.InvocationParameterTest"/>
  <testcase name="practiceTest2" time="0.004" classname="com.vtiger.practice.PriorityParameterTest"/>
  <testcase name="practiceTest1" time="0.008" classname="com.vtiger.practice.TestNgAssertTest">
    <failure type="java.lang.AssertionError" message="practice1 fail">
      <![CDATA[java.lang.AssertionError: practice1 fail
at com.vtiger.practice.TestNgAssertTest.practiceTest1(TestNgAssertTest.java:16)
... Removed 30 stack frames]]>
    </failure>
  </testcase> <!-- practiceTest1 -->
  <testcase name="practiceTest2" time="0.006" classname="com.vtiger.practice.TestNgAssertTest">
    <failure type="java.lang.AssertionError" message="expected [abd] but found [abc]">
      <![CDATA[java.lang.AssertionError: expected [abd] but found [abc]
at com.vtiger.practice.TestNgAssertTest.practiceTest2(TestNgAssertTest.java:28)
... Removed 35 stack frames]]>
    </failure>
  </testcase> <!-- practiceTest2 -->
  <testcase name="practiceTest3" time="0.003" classname="com.vtiger.practice.TestNgAssertTest"/>
  <testcase name="practiceTest4" time="0.006" classname="com.vtiger.practice.TestNgAssertTest"/>
  <testcase name="practiceTest5" time="0.005" classname="com.vtiger.practice.TestNgAssertTest">
    <failure type="java.lang.AssertionError" message="null">
      <![CDATA[java.lang.AssertionError: null
at com.vtiger.practice.TestNgAssertTest.practiceTest5(TestNgAssertTest.java:71)
... Removed 31 stack frames]]>
    </failure>
  </testcase> <!-- practiceTest5 -->
  <testcase name="practice" time="0.004" classname="com.vtiger.practice.TestngPractice1Test">
    <failure type="java.lang.AssertionError" message="null">
      <![CDATA[java.lang.AssertionError: null
at com.vtiger.practice.TestngPractice1Test.practice(TestngPractice1Test.java:13)
... Removed 31 stack frames]]>
    </failure>
  </testcase> <!-- practice -->
  <testcase name="practice1" time="0.004" classname="com.vtiger.practice.TestngPractice1Test"/>
  <testcase name="practice2" time="0.005" classname="com.vtiger.practice.TestngPractice1Test"/>
  <testcase name="createContactAWOrganizationTest" time="0.0" classname="com.vitiger.contacts.tcases.CreateContactAWOrganizationTest">
    <skipped/>
  </testcase> <!-- createContactAWOrganizationTest -->
  <testcase name="createDocumentTest" time="0.0" classname="com.vtiger.practice.CreateDocumentTest">
    <skipped/>
  </testcase> <!-- createDocumentTest -->
  <testcase name="practiceTest" time="0.018" classname="com.vtiger.practice.DataProviderAnnotationTest"/>
  <testcase name="practiceTest" time="0.003" classname="com.vtiger.practice.DataProviderAnnotationTest"/>
  <testcase name="practiceTest" time="0.004" classname="com.vtiger.practice.DataProviderAnnotationTest"/>
  <testcase name="practiceTest" time="0.002" classname="com.vtiger.practice.DataProviderAnnotationTest"/>
  <testcase name="practiceTest" time="0.022" classname="com.vtiger.practice.DataProviderAnnotationTest"/>
  <testcase name="practiceTest" time="0.003" classname="com.vtiger.practice.DataProviderAnnotationTest"/>
  <testcase name="practiceTest" time="0.003" classname="com.vtiger.practice.DataProviderAnnotationTest"/>
  <testcase name="practiceTest" time="0.003" classname="com.vtiger.practice.DataProviderAnnotationTest"/>
  <testcase name="practiceTest" time="0.003" classname="com.vtiger.practice.DataProviderAnnotationTest"/>
  <testcase name="practiceTest" time="0.004" classname="com.vtiger.practice.DataProviderAnnotationTest"/>
  <testcase name="practiceTest" time="0.003" classname="com.vtiger.practice.DataProviderAnnotationTest"/>
  <testcase name="practiceTest2" time="0.004" classname="com.vtiger.practice.DependencyParameterTest">
    <failure type="java.lang.AssertionError" message="null">
      <![CDATA[java.lang.AssertionError: null
at com.vtiger.practice.DependencyParameterTest.practiceTest2(DependencyParameterTest.java:16)
... Removed 31 stack frames]]>
    </failure>
  </testcase> <!-- practiceTest2 -->
  <testcase name="practiceTest3" time="0.006" classname="com.vtiger.practice.DependencyParameterTest"/>
  <testcase name="createContactWithImportContactTc5Test" time="0.0" classname="com.vitiger.contacts.tcases.CreateContactWithImportContactTc5Test">
    <skipped/>
  </testcase> <!-- createContactWithImportContactTc5Test -->
  <testcase name="practiceTest1" time="0.0" classname="com.vtiger.practice.DependencyParameterTest">
    <skipped/>
  </testcase> <!-- practiceTest1 -->
  <testcase name="createContactWithoutLastNameTc1Test" time="0.0" classname="com.vitiger.contacts.tcases.CreateContactWithoutLastNameTc1Test">
    <skipped/>
  </testcase> <!-- createContactWithoutLastNameTc1Test -->
  <testcase name="deleteCreateTc14Test" time="0.0" classname="com.vitiger.contacts.tcases.DeleteCreateTc14Test">
    <skipped/>
  </testcase> <!-- deleteCreateTc14Test -->
  <testcase name="viewContactsDropdownTc16Test" time="0.0" classname="com.vitiger.contacts.tcases.ViewContactsDropdownTc16Test">
    <skipped/>
  </testcase> <!-- viewContactsDropdownTc16Test -->
  <testcase name="createCampaignsAWProductNameTest" time="0.0" classname="com.vtiger.campaignsTest.CreateCampaignsAWProductNameTest">
    <skipped/>
  </testcase> <!-- createCampaignsAWProductNameTest -->
  <testcase name="createCampaignTest" time="0.0" classname="com.vtiger.campaignsTest.CreateCampaignTest">
    <skipped/>
  </testcase> <!-- createCampaignTest -->
  <testcase name="createContactAWOrganizationTest" time="0.0" classname="com.vtiger.contactTest.CreateContactAWOrganizationTest">
    <skipped/>
  </testcase> <!-- createContactAWOrganizationTest -->
  <testcase name="createContactTest" time="0.0" classname="com.vtiger.contactTest.CreateContactTest">
    <skipped/>
  </testcase> <!-- createContactTest -->
  <testcase name="createDocumentTest" time="0.0" classname="com.vtiger.documentsTest.CreateDocumentTest">
    <skipped/>
  </testcase> <!-- createDocumentTest -->
  <testcase name="createOrganizationTest" time="0.0" classname="com.vtiger.organizationTest.CreateOrganizationTest">
    <skipped/>
  </testcase> <!-- createOrganizationTest -->
  <testcase name="createOrganizationWithIndustryAndTypeTest" time="0.0" classname="com.vtiger.organizationTest.CreateOrganizationWithIndustryAndTypeTest">
    <skipped/>
  </testcase> <!-- createOrganizationWithIndustryAndTypeTest -->
  <testcase name="practiceTest3" time="0.003" classname="com.vtiger.practice.PriorityParameterTest"/>
  <testcase name="practiceTest1" time="0.001" classname="com.vtiger.practice.PriorityParameterTest"/>
  <testcase name="@AfterSuite aftersuiteTest" time="0.0" classname="com.SDET34L1.genericUtility.BaseClass">
    <ignored/>
  </testcase> <!-- @AfterSuite aftersuiteTest -->
  <testcase name="@AfterSuite aftersuiteTest" time="0.0" classname="com.SDET34L1.genericUtility.BaseClass">
    <ignored/>
  </testcase> <!-- @AfterSuite aftersuiteTest -->
  <testcase name="@AfterSuite aftersuiteTest" time="0.0" classname="com.SDET34L1.genericUtility.BaseClass">
    <ignored/>
  </testcase> <!-- @AfterSuite aftersuiteTest -->
  <testcase name="@AfterSuite aftersuiteTest" time="0.0" classname="com.SDET34L1.genericUtility.BaseClass">
    <ignored/>
  </testcase> <!-- @AfterSuite aftersuiteTest -->
  <testcase name="@AfterSuite aftersuiteTest" time="0.0" classname="com.SDET34L1.genericUtility.BaseClass">
    <ignored/>
  </testcase> <!-- @AfterSuite aftersuiteTest -->
  <testcase name="@AfterSuite aftersuiteTest" time="0.0" classname="com.SDET34L1.genericUtility.BaseClass">
    <ignored/>
  </testcase> <!-- @AfterSuite aftersuiteTest -->
  <testcase name="@AfterSuite aftersuiteTest" time="0.0" classname="com.SDET34L1.genericUtility.BaseClass">
    <ignored/>
  </testcase> <!-- @AfterSuite aftersuiteTest -->
  <testcase name="@AfterSuite aftersuiteTest" time="0.0" classname="com.SDET34L1.genericUtility.BaseClass">
    <ignored/>
  </testcase> <!-- @AfterSuite aftersuiteTest -->
  <testcase name="@AfterSuite aftersuiteTest" time="0.0" classname="com.SDET34L1.genericUtility.BaseClass">
    <ignored/>
  </testcase> <!-- @AfterSuite aftersuiteTest -->
  <testcase name="@AfterSuite aftersuiteTest" time="0.0" classname="com.SDET34L1.genericUtility.BaseClass">
    <ignored/>
  </testcase> <!-- @AfterSuite aftersuiteTest -->
  <testcase name="@AfterSuite aftersuiteTest" time="0.0" classname="com.SDET34L1.genericUtility.BaseClass">
    <ignored/>
  </testcase> <!-- @AfterSuite aftersuiteTest -->
  <testcase name="@AfterSuite aftersuiteTest" time="0.0" classname="com.SDET34L1.genericUtility.BaseClass">
    <ignored/>
  </testcase> <!-- @AfterSuite aftersuiteTest -->
  <testcase name="@BeforeSuite beforesuitTest" time="0.0" classname="com.SDET34L1.genericUtility.BaseClass">
    <ignored/>
  </testcase> <!-- @BeforeSuite beforesuitTest -->
  <testcase name="@BeforeSuite beforesuitTest" time="0.0" classname="com.SDET34L1.genericUtility.BaseClass">
    <ignored/>
  </testcase> <!-- @BeforeSuite beforesuitTest -->
  <testcase name="@BeforeSuite beforesuitTest" time="0.0" classname="com.SDET34L1.genericUtility.BaseClass">
    <ignored/>
  </testcase> <!-- @BeforeSuite beforesuitTest -->
  <testcase name="@BeforeSuite beforesuitTest" time="0.0" classname="com.SDET34L1.genericUtility.BaseClass">
    <ignored/>
  </testcase> <!-- @BeforeSuite beforesuitTest -->
  <testcase name="@BeforeSuite beforesuitTest" time="0.0" classname="com.SDET34L1.genericUtility.BaseClass">
    <ignored/>
  </testcase> <!-- @BeforeSuite beforesuitTest -->
  <testcase name="@BeforeSuite beforesuitTest" time="0.0" classname="com.SDET34L1.genericUtility.BaseClass">
    <ignored/>
  </testcase> <!-- @BeforeSuite beforesuitTest -->
  <testcase name="@BeforeSuite beforesuitTest" time="0.0" classname="com.SDET34L1.genericUtility.BaseClass">
    <ignored/>
  </testcase> <!-- @BeforeSuite beforesuitTest -->
  <testcase name="@BeforeSuite beforesuitTest" time="0.0" classname="com.SDET34L1.genericUtility.BaseClass">
    <ignored/>
  </testcase> <!-- @BeforeSuite beforesuitTest -->
  <testcase name="@BeforeSuite beforesuitTest" time="0.0" classname="com.SDET34L1.genericUtility.BaseClass">
    <ignored/>
  </testcase> <!-- @BeforeSuite beforesuitTest -->
  <testcase name="@BeforeSuite beforesuitTest" time="0.0" classname="com.SDET34L1.genericUtility.BaseClass">
    <ignored/>
  </testcase> <!-- @BeforeSuite beforesuitTest -->
  <testcase name="@BeforeSuite beforesuitTest" time="0.0" classname="com.SDET34L1.genericUtility.BaseClass">
    <ignored/>
  </testcase> <!-- @BeforeSuite beforesuitTest -->
  <testcase name="@BeforeSuite beforesuitTest" time="0.0" classname="com.SDET34L1.genericUtility.BaseClass">
    <ignored/>
  </testcase> <!-- @BeforeSuite beforesuitTest -->
  <testcase name="@BeforeTest beforeTest1Test" time="0.0" classname="com.vtiger.practice.TestNgBasicConfigarationPracticeTest">
    <ignored/>
  </testcase> <!-- @BeforeTest beforeTest1Test -->
  <testcase name="@BeforeTest beforeTest1Test" time="0.0" classname="com.vtiger.practice.TestNgBasicConfigarationPracticeTest">
    <ignored/>
  </testcase> <!-- @BeforeTest beforeTest1Test -->
  <testcase name="@BeforeSuite suite1Test2" time="0.0" classname="com.vtiger.practice.TestNgBasicConfigarationPracticeTest">
    <ignored/>
  </testcase> <!-- @BeforeSuite suite1Test2 -->
  <testcase name="@BeforeSuite suite1Test2" time="0.0" classname="com.vtiger.practice.TestNgBasicConfigarationPracticeTest">
    <ignored/>
  </testcase> <!-- @BeforeSuite suite1Test2 -->
  <testcase name="@BeforeSuite suite1Test" time="0.0" classname="com.vtiger.practice.TestNgBasicConfigarationPracticeTest">
    <ignored/>
  </testcase> <!-- @BeforeSuite suite1Test -->
  <testcase name="@BeforeSuite suite1Test" time="0.0" classname="com.vtiger.practice.TestNgBasicConfigarationPracticeTest">
    <ignored/>
  </testcase> <!-- @BeforeSuite suite1Test -->
  <testcase name="@AfterTest afterTest1Test" time="0.0" classname="com.vtiger.practice.TestNgBasicConfigarationPracticeTest">
    <ignored/>
  </testcase> <!-- @AfterTest afterTest1Test -->
  <testcase name="@AfterTest afterTest1Test" time="0.0" classname="com.vtiger.practice.TestNgBasicConfigarationPracticeTest">
    <ignored/>
  </testcase> <!-- @AfterTest afterTest1Test -->
  <testcase name="@AfterSuite afterSuite1Test" time="0.0" classname="com.vtiger.practice.TestNgBasicConfigarationPracticeTest">
    <ignored/>
  </testcase> <!-- @AfterSuite afterSuite1Test -->
  <testcase name="@AfterSuite afterSuite1Test" time="0.0" classname="com.vtiger.practice.TestNgBasicConfigarationPracticeTest">
    <ignored/>
  </testcase> <!-- @AfterSuite afterSuite1Test -->
</testsuite> <!-- Surefire test -->
