<?xml version="1.0" encoding="UTF-8"?>
<!-- Generated by org.testng.reporters.JUnitXMLReporter -->
<testsuite ignored="14" hostname="HP" failures="0" tests="8" name="chrome" time="475.335" errors="0" timestamp="2022-05-25T09:59:04 IST">
  <testcase classname="com.SDET34L1.genericUtility.BaseClass" name="@AfterMethod aftermethodTest" time="12.927">
    <failure type="org.openqa.selenium.NoSuchElementException" message="Unable to locate element: Sign Out
For documentation on this error, please visit: https://www.seleniumhq.org/exceptions/no_such_element.html
Build info: version: &amp;apos;3.141.59&amp;apos;, revision: &amp;apos;e82be7d358&amp;apos;, time: &amp;apos;2018-11-14T08:17:03&amp;apos;
System info: host: &amp;apos;HP&amp;apos;, ip: &amp;apos;192.168.239.243&amp;apos;, os.name: &amp;apos;Windows 8.1&amp;apos;, os.arch: &amp;apos;amd64&amp;apos;, os.version: &amp;apos;6.3&amp;apos;, java.version: &amp;apos;16.0.1&amp;apos;
Driver info: org.openqa.selenium.firefox.FirefoxDriver
Capabilities {acceptInsecureCerts: true, browserName: firefox, browserVersion: 100.0.1, javascriptEnabled: true, moz:accessibilityChecks: false, moz:buildID: 20220513165813, moz:geckodriverVersion: 0.31.0, moz:headless: false, moz:processID: 15500, moz:profile: C:\Users\USER\AppData\Local..., moz:shutdownTimeout: 60000, moz:useNonSpecCompliantPointerOrigin: false, moz:webdriverClick: true, pageLoadStrategy: normal, platform: WINDOWS, platformName: WINDOWS, platformVersion: 6.3, proxy: Proxy(), setWindowRect: true, strictFileInteractability: false, timeouts: {implicit: 0, pageLoad: 300000, script: 30000}, unhandledPromptBehavior: dismiss and notify}
Session ID: f5e3d298-402f-4f4d-ac4f-30e1da6e673d
*** Element info: {Using=link text, value=Sign Out}">
      <![CDATA[org.openqa.selenium.NoSuchElementException: Unable to locate element: Sign Out
For documentation on this error, please visit: https://www.seleniumhq.org/exceptions/no_such_element.html
Build info: version: '3.141.59', revision: 'e82be7d358', time: '2018-11-14T08:17:03'
System info: host: 'HP', ip: '192.168.239.243', os.name: 'Windows 8.1', os.arch: 'amd64', os.version: '6.3', java.version: '16.0.1'
Driver info: org.openqa.selenium.firefox.FirefoxDriver
Capabilities {acceptInsecureCerts: true, browserName: firefox, browserVersion: 100.0.1, javascriptEnabled: true, moz:accessibilityChecks: false, moz:buildID: 20220513165813, moz:geckodriverVersion: 0.31.0, moz:headless: false, moz:processID: 15500, moz:profile: C:\Users\USER\AppData\Local..., moz:shutdownTimeout: 60000, moz:useNonSpecCompliantPointerOrigin: false, moz:webdriverClick: true, pageLoadStrategy: normal, platform: WINDOWS, platformName: WINDOWS, platformVersion: 6.3, proxy: Proxy(), setWindowRect: true, strictFileInteractability: false, timeouts: {implicit: 0, pageLoad: 300000, script: 30000}, unhandledPromptBehavior: dismiss and notify}
Session ID: f5e3d298-402f-4f4d-ac4f-30e1da6e673d
*** Element info: {Using=link text, value=Sign Out}
at org.openqa.selenium.remote.http.W3CHttpResponseCodec.createException(W3CHttpResponseCodec.java:187)
at org.openqa.selenium.remote.http.W3CHttpResponseCodec.decode(W3CHttpResponseCodec.java:122)
at org.openqa.selenium.remote.http.W3CHttpResponseCodec.decode(W3CHttpResponseCodec.java:49)
at org.openqa.selenium.remote.HttpCommandExecutor.execute(HttpCommandExecutor.java:158)
at org.openqa.selenium.remote.service.DriverCommandExecutor.execute(DriverCommandExecutor.java:83)
at org.openqa.selenium.remote.RemoteWebDriver.execute(RemoteWebDriver.java:552)
at org.openqa.selenium.remote.RemoteWebDriver.findElement(RemoteWebDriver.java:323)
at org.openqa.selenium.remote.RemoteWebDriver.findElementByLinkText(RemoteWebDriver.java:380)
at org.openqa.selenium.By$ByLinkText.findElement(By.java:220)
at org.openqa.selenium.remote.RemoteWebDriver.findElement(RemoteWebDriver.java:315)
at org.openqa.selenium.support.pagefactory.DefaultElementLocator.findElement(DefaultElementLocator.java:69)
at org.openqa.selenium.support.pagefactory.internal.LocatingElementHandler.invoke(LocatingElementHandler.java:38)
at jdk.proxy2/jdk.proxy2.$Proxy18.click(Unknown Source)
at com.vtiger.ElementRepository.HomePage.logout(HomePage.java:74)
at com.SDET34L1.genericUtility.BaseClass.aftermethodTest(BaseClass.java:88)
at java.base/java.util.ArrayList.forEach(ArrayList.java:1511)
at java.base/java.util.concurrent.FutureTask.run(FutureTask.java:264)
at java.base/java.util.concurrent.ThreadPoolExecutor.runWorker(ThreadPoolExecutor.java:1130)
at java.base/java.util.concurrent.ThreadPoolExecutor$Worker.run(ThreadPoolExecutor.java:630)
at java.base/java.lang.Thread.run(Thread.java:831)
... Removed 28 stack frames]]>
    </failure>
  </testcase> <!-- @AfterMethod aftermethodTest -->
  <testcase classname="com.SDET34L1.genericUtility.BaseClass" name="@AfterClass afterclassTest" time="-1.653452591509E9">
    <skipped/>
  </testcase> <!-- @AfterClass afterclassTest -->
  <testcase classname="com.SDET34L1.genericUtility.BaseClass" name="@AfterMethod aftermethodTest" time="10.245">
    <failure type="org.openqa.selenium.NoSuchElementException" message="Unable to locate element: Sign Out
For documentation on this error, please visit: https://www.seleniumhq.org/exceptions/no_such_element.html
Build info: version: &amp;apos;3.141.59&amp;apos;, revision: &amp;apos;e82be7d358&amp;apos;, time: &amp;apos;2018-11-14T08:17:03&amp;apos;
System info: host: &amp;apos;HP&amp;apos;, ip: &amp;apos;192.168.239.243&amp;apos;, os.name: &amp;apos;Windows 8.1&amp;apos;, os.arch: &amp;apos;amd64&amp;apos;, os.version: &amp;apos;6.3&amp;apos;, java.version: &amp;apos;16.0.1&amp;apos;
Driver info: org.openqa.selenium.firefox.FirefoxDriver
Capabilities {acceptInsecureCerts: true, browserName: firefox, browserVersion: 100.0.1, javascriptEnabled: true, moz:accessibilityChecks: false, moz:buildID: 20220513165813, moz:geckodriverVersion: 0.31.0, moz:headless: false, moz:processID: 7796, moz:profile: C:\Users\USER\AppData\Local..., moz:shutdownTimeout: 60000, moz:useNonSpecCompliantPointerOrigin: false, moz:webdriverClick: true, pageLoadStrategy: normal, platform: WINDOWS, platformName: WINDOWS, platformVersion: 6.3, proxy: Proxy(), setWindowRect: true, strictFileInteractability: false, timeouts: {implicit: 0, pageLoad: 300000, script: 30000}, unhandledPromptBehavior: dismiss and notify}
Session ID: be76e5cc-be14-41d3-89da-55c1fc2bcfd1
*** Element info: {Using=link text, value=Sign Out}">
      <![CDATA[org.openqa.selenium.NoSuchElementException: Unable to locate element: Sign Out
For documentation on this error, please visit: https://www.seleniumhq.org/exceptions/no_such_element.html
Build info: version: '3.141.59', revision: 'e82be7d358', time: '2018-11-14T08:17:03'
System info: host: 'HP', ip: '192.168.239.243', os.name: 'Windows 8.1', os.arch: 'amd64', os.version: '6.3', java.version: '16.0.1'
Driver info: org.openqa.selenium.firefox.FirefoxDriver
Capabilities {acceptInsecureCerts: true, browserName: firefox, browserVersion: 100.0.1, javascriptEnabled: true, moz:accessibilityChecks: false, moz:buildID: 20220513165813, moz:geckodriverVersion: 0.31.0, moz:headless: false, moz:processID: 7796, moz:profile: C:\Users\USER\AppData\Local..., moz:shutdownTimeout: 60000, moz:useNonSpecCompliantPointerOrigin: false, moz:webdriverClick: true, pageLoadStrategy: normal, platform: WINDOWS, platformName: WINDOWS, platformVersion: 6.3, proxy: Proxy(), setWindowRect: true, strictFileInteractability: false, timeouts: {implicit: 0, pageLoad: 300000, script: 30000}, unhandledPromptBehavior: dismiss and notify}
Session ID: be76e5cc-be14-41d3-89da-55c1fc2bcfd1
*** Element info: {Using=link text, value=Sign Out}
at org.openqa.selenium.remote.http.W3CHttpResponseCodec.createException(W3CHttpResponseCodec.java:187)
at org.openqa.selenium.remote.http.W3CHttpResponseCodec.decode(W3CHttpResponseCodec.java:122)
at org.openqa.selenium.remote.http.W3CHttpResponseCodec.decode(W3CHttpResponseCodec.java:49)
at org.openqa.selenium.remote.HttpCommandExecutor.execute(HttpCommandExecutor.java:158)
at org.openqa.selenium.remote.service.DriverCommandExecutor.execute(DriverCommandExecutor.java:83)
at org.openqa.selenium.remote.RemoteWebDriver.execute(RemoteWebDriver.java:552)
at org.openqa.selenium.remote.RemoteWebDriver.findElement(RemoteWebDriver.java:323)
at org.openqa.selenium.remote.RemoteWebDriver.findElementByLinkText(RemoteWebDriver.java:380)
at org.openqa.selenium.By$ByLinkText.findElement(By.java:220)
at org.openqa.selenium.remote.RemoteWebDriver.findElement(RemoteWebDriver.java:315)
at org.openqa.selenium.support.pagefactory.DefaultElementLocator.findElement(DefaultElementLocator.java:69)
at org.openqa.selenium.support.pagefactory.internal.LocatingElementHandler.invoke(LocatingElementHandler.java:38)
at jdk.proxy2/jdk.proxy2.$Proxy18.click(Unknown Source)
at com.vtiger.ElementRepository.HomePage.logout(HomePage.java:74)
at com.SDET34L1.genericUtility.BaseClass.aftermethodTest(BaseClass.java:88)
at java.base/java.util.ArrayList.forEach(ArrayList.java:1511)
at java.base/java.util.concurrent.FutureTask.run(FutureTask.java:264)
at java.base/java.util.concurrent.ThreadPoolExecutor.runWorker(ThreadPoolExecutor.java:1130)
at java.base/java.util.concurrent.ThreadPoolExecutor$Worker.run(ThreadPoolExecutor.java:630)
at java.base/java.lang.Thread.run(Thread.java:831)
... Removed 28 stack frames]]>
    </failure>
  </testcase> <!-- @AfterMethod aftermethodTest -->
  <testcase classname="com.SDET34L1.genericUtility.BaseClass" name="@AfterClass afterclassTest" time="-1.653452835492E9">
    <skipped/>
  </testcase> <!-- @AfterClass afterclassTest -->
  <testcase classname="com.vtiger.contactTest.CreateContactAWOrganizationTest" name="createContactAWOrganizationTest" time="52.926"/>
  <testcase classname="com.vtiger.campaignsTest.CreateCampaignsAWProductNameTest" name="createCampaignsAWProductNameTest" time="34.335"/>
  <testcase classname="com.vtiger.organizationTest.CreateOrganizationWithIndustryAndTypeTest" name="createOrganizationWithIndustryAndTypeTest" time="22.561"/>
  <testcase classname="com.vtiger.contactTest.CreateContactTest" name="createContactTest" time="16.467"/>
  <testcase classname="com.vtiger.organizationTest.CreateOrganizationTest" name="createOrganizationTest" time="17.146"/>
  <testcase classname="com.vtiger.campaignsTest.CreateCampaignTest" name="createCampaignTest" time="22.374"/>
  <testcase classname="com.vtiger.documentsTest.CreateDocumentTest" name="createDocumentTest" time="34.72"/>
  <testcase classname="com.vtiger.productsTest.CreateProductlTest" name="createProductlTest" time="22.21"/>
  <testcase classname="com.SDET34L1.genericUtility.BaseClass" name="@BeforeSuite beforesuitTest" time="0.0">
    <ignored/>
  </testcase> <!-- @BeforeSuite beforesuitTest -->
  <testcase classname="com.SDET34L1.genericUtility.BaseClass" name="@BeforeSuite beforesuitTest" time="0.0">
    <ignored/>
  </testcase> <!-- @BeforeSuite beforesuitTest -->
  <testcase classname="com.SDET34L1.genericUtility.BaseClass" name="@BeforeSuite beforesuitTest" time="0.0">
    <ignored/>
  </testcase> <!-- @BeforeSuite beforesuitTest -->
  <testcase classname="com.SDET34L1.genericUtility.BaseClass" name="@BeforeSuite beforesuitTest" time="0.0">
    <ignored/>
  </testcase> <!-- @BeforeSuite beforesuitTest -->
  <testcase classname="com.SDET34L1.genericUtility.BaseClass" name="@BeforeSuite beforesuitTest" time="0.0">
    <ignored/>
  </testcase> <!-- @BeforeSuite beforesuitTest -->
  <testcase classname="com.SDET34L1.genericUtility.BaseClass" name="@BeforeSuite beforesuitTest" time="0.0">
    <ignored/>
  </testcase> <!-- @BeforeSuite beforesuitTest -->
  <testcase classname="com.SDET34L1.genericUtility.BaseClass" name="@BeforeSuite beforesuitTest" time="0.0">
    <ignored/>
  </testcase> <!-- @BeforeSuite beforesuitTest -->
  <testcase classname="com.SDET34L1.genericUtility.BaseClass" name="@AfterSuite aftersuiteTest" time="0.0">
    <ignored/>
  </testcase> <!-- @AfterSuite aftersuiteTest -->
  <testcase classname="com.SDET34L1.genericUtility.BaseClass" name="@AfterSuite aftersuiteTest" time="0.0">
    <ignored/>
  </testcase> <!-- @AfterSuite aftersuiteTest -->
  <testcase classname="com.SDET34L1.genericUtility.BaseClass" name="@AfterSuite aftersuiteTest" time="0.0">
    <ignored/>
  </testcase> <!-- @AfterSuite aftersuiteTest -->
  <testcase classname="com.SDET34L1.genericUtility.BaseClass" name="@AfterSuite aftersuiteTest" time="0.0">
    <ignored/>
  </testcase> <!-- @AfterSuite aftersuiteTest -->
  <testcase classname="com.SDET34L1.genericUtility.BaseClass" name="@AfterSuite aftersuiteTest" time="0.0">
    <ignored/>
  </testcase> <!-- @AfterSuite aftersuiteTest -->
  <testcase classname="com.SDET34L1.genericUtility.BaseClass" name="@AfterSuite aftersuiteTest" time="0.0">
    <ignored/>
  </testcase> <!-- @AfterSuite aftersuiteTest -->
  <testcase classname="com.SDET34L1.genericUtility.BaseClass" name="@AfterSuite aftersuiteTest" time="0.0">
    <ignored/>
  </testcase> <!-- @AfterSuite aftersuiteTest -->
</testsuite> <!-- chrome -->
