<?xml version="1.0" encoding="UTF-8"?>
<!-- Generated by org.testng.reporters.JUnitXMLReporter -->
<testsuite ignored="14" hostname="HP" failures="0" tests="2" name="Test" time="1.122" errors="0" timestamp="2022-05-26T16:50:58 IST">
  <testcase classname="com.SDET34L1.genericUtility.BaseClass" name="@BeforeClass beforeclassTest" time="-1.653564057825E9">
    <failure type="org.testng.TestNGException" message="
Parameter &amp;apos;browser&amp;apos; is required by BeforeClass on method beforeclassTest but has not been marked @Optional or defined
in D:\Workspaces\Workspace1\SDET34L1\testng_groups.xml">
      <![CDATA[org.testng.TestNGException: 
Parameter 'browser' is required by BeforeClass on method beforeclassTest but has not been marked @Optional or defined
in D:\Workspaces\Workspace1\SDET34L1\testng_groups.xml
at java.base/java.util.ArrayList.forEach(ArrayList.java:1511)
... Removed 22 stack frames]]>
    </failure>
  </testcase> <!-- @BeforeClass beforeclassTest -->
  <testcase classname="com.SDET34L1.genericUtility.BaseClass" name="@BeforeMethod beforemethodTest" time="-1.65356405834E9">
    <skipped/>
  </testcase> <!-- @BeforeMethod beforemethodTest -->
  <testcase classname="com.SDET34L1.genericUtility.BaseClass" name="@AfterMethod aftermethodTest" time="-1.653564058596E9">
    <skipped/>
  </testcase> <!-- @AfterMethod aftermethodTest -->
  <testcase classname="com.SDET34L1.genericUtility.BaseClass" name="@AfterClass afterclassTest" time="-1.653564058608E9">
    <skipped/>
  </testcase> <!-- @AfterClass afterclassTest -->
  <testcase classname="com.SDET34L1.genericUtility.BaseClass" name="@BeforeClass beforeclassTest" time="-1.653564058617E9">
    <failure type="org.testng.TestNGException" message="
Parameter &amp;apos;browser&amp;apos; is required by BeforeClass on method beforeclassTest but has not been marked @Optional or defined
in D:\Workspaces\Workspace1\SDET34L1\testng_groups.xml">
      <![CDATA[org.testng.TestNGException: 
Parameter 'browser' is required by BeforeClass on method beforeclassTest but has not been marked @Optional or defined
in D:\Workspaces\Workspace1\SDET34L1\testng_groups.xml
at java.base/java.util.ArrayList.forEach(ArrayList.java:1511)
... Removed 22 stack frames]]>
    </failure>
  </testcase> <!-- @BeforeClass beforeclassTest -->
  <testcase classname="com.SDET34L1.genericUtility.BaseClass" name="@BeforeMethod beforemethodTest" time="-1.653564058635E9">
    <skipped/>
  </testcase> <!-- @BeforeMethod beforemethodTest -->
  <testcase classname="com.SDET34L1.genericUtility.BaseClass" name="@AfterMethod aftermethodTest" time="-1.653564058818E9">
    <skipped/>
  </testcase> <!-- @AfterMethod aftermethodTest -->
  <testcase classname="com.SDET34L1.genericUtility.BaseClass" name="@AfterClass afterclassTest" time="-1.653564058834E9">
    <skipped/>
  </testcase> <!-- @AfterClass afterclassTest -->
  <testcase classname="com.vtiger.contactTest.CreateContactTest" name="createContactTest" time="0.0">
    <skipped/>
  </testcase> <!-- createContactTest -->
  <testcase classname="com.vtiger.organizationTest.CreateOrganizationTest" name="createOrganizationTest" time="0.0">
    <skipped/>
  </testcase> <!-- createOrganizationTest -->
  <testcase classname="com.SDET34L1.genericUtility.BaseClass" name="@BeforeSuite beforesuitTest" time="0.0">
    <ignored/>
  </testcase> <!-- @BeforeSuite beforesuitTest -->
  <testcase classname="com.SDET34L1.genericUtility.BaseClass" name="@BeforeSuite beforesuitTest" time="0.0">
    <ignored/>
  </testcase> <!-- @BeforeSuite beforesuitTest -->
  <testcase classname="com.SDET34L1.genericUtility.BaseClass" name="@BeforeSuite beforesuitTest" time="0.0">
    <ignored/>
  </testcase> <!-- @BeforeSuite beforesuitTest -->
  <testcase classname="com.SDET34L1.genericUtility.BaseClass" name="@BeforeSuite beforesuitTest" time="0.0">
    <ignored/>
  </testcase> <!-- @BeforeSuite beforesuitTest -->
  <testcase classname="com.SDET34L1.genericUtility.BaseClass" name="@BeforeSuite beforesuitTest" time="0.0">
    <ignored/>
  </testcase> <!-- @BeforeSuite beforesuitTest -->
  <testcase classname="com.SDET34L1.genericUtility.BaseClass" name="@AfterSuite aftersuiteTest" time="0.0">
    <ignored/>
  </testcase> <!-- @AfterSuite aftersuiteTest -->
  <testcase classname="com.SDET34L1.genericUtility.BaseClass" name="@AfterSuite aftersuiteTest" time="0.0">
    <ignored/>
  </testcase> <!-- @AfterSuite aftersuiteTest -->
  <testcase classname="com.SDET34L1.genericUtility.BaseClass" name="@AfterSuite aftersuiteTest" time="0.0">
    <ignored/>
  </testcase> <!-- @AfterSuite aftersuiteTest -->
  <testcase classname="com.SDET34L1.genericUtility.BaseClass" name="@AfterSuite aftersuiteTest" time="0.0">
    <ignored/>
  </testcase> <!-- @AfterSuite aftersuiteTest -->
  <testcase classname="com.SDET34L1.genericUtility.BaseClass" name="@AfterSuite aftersuiteTest" time="0.0">
    <ignored/>
  </testcase> <!-- @AfterSuite aftersuiteTest -->
  <testcase classname="com.vtiger.productsTest.CreateProductlTest" name="createProductlTest" time="0.0">
    <ignored/>
  </testcase> <!-- createProductlTest -->
  <testcase classname="com.vtiger.contactTest.CreateContactAWOrganizationTest" name="createContactAWOrganizationTest" time="0.0">
    <ignored/>
  </testcase> <!-- createContactAWOrganizationTest -->
  <testcase classname="com.vtiger.organizationTest.CreateOrganizationWithIndustryAndTypeTest" name="createOrganizationWithIndustryAndTypeTest" time="0.0">
    <ignored/>
  </testcase> <!-- createOrganizationWithIndustryAndTypeTest -->
  <testcase classname="com.vtiger.documentsTest.CreateDocumentTest" name="createDocumentTest" time="0.0">
    <ignored/>
  </testcase> <!-- createDocumentTest -->
</testsuite> <!-- Test -->
